\BOOKMARK [1][-]{section.1}{\376\377\227\000\154\102\122\006\147\220}{}% 1
\BOOKMARK [1][-]{section.2}{\376\377\174\373\176\337\122\237\200\375}{}% 2
\BOOKMARK [2][-]{subsection.2.1}{\376\377\155\113\213\325\165\050\117\213\173\241\164\006}{section.2}% 3
\BOOKMARK [3][-]{subsubsection.2.1.1}{\376\377\123\125\116\052\155\113\213\325\165\050\117\213\166\204\122\033\136\372}{subsection.2.1}% 4
\BOOKMARK [3][-]{subsubsection.2.1.2}{\376\377\155\113\213\325\165\050\117\213\166\204\154\350\121\214}{subsection.2.1}% 5
\BOOKMARK [3][-]{subsubsection.2.1.3}{\376\377\155\113\213\325\131\127\116\366\166\204\147\204\136\372}{subsection.2.1}% 6
\BOOKMARK [2][-]{subsection.2.2}{\376\377\145\255\212\000\147\072\122\066}{section.2}% 7
\BOOKMARK [2][-]{subsection.2.3}{\376\377\155\113\213\325\142\147\210\114\126\150}{section.2}% 8
\BOOKMARK [2][-]{subsection.2.4}{\376\377\176\323\147\234\142\245\124\112}{section.2}% 9
\BOOKMARK [3][-]{subsubsection.2.4.1}{\376\377\142\245\124\112\145\207\116\366\117\335\133\130}{subsection.2.4}% 10
\BOOKMARK [3][-]{subsubsection.2.4.2}{\376\377\000G\000U\000I\134\125\171\072}{subsection.2.4}% 11
\BOOKMARK [1][-]{section.3}{\376\377\145\164\117\123\147\266\147\204}{}% 12
\BOOKMARK [1][-]{section.4}{\376\377\142\200\147\057\176\306\202\202}{}% 13
\BOOKMARK [2][-]{subsection.4.1}{\376\377\155\113\213\325\150\106\147\266\213\276\213\241}{section.4}% 14
\BOOKMARK [2][-]{subsection.4.2}{\376\377\155\113\213\325\165\050\117\213\166\204\147\204\136\372\116\016\142\147\210\114}{section.4}% 15
\BOOKMARK [2][-]{subsection.4.3}{\376\377\155\113\213\325\145\255\212\000\116\016\137\002\136\070\131\004\164\006}{section.4}% 16
\BOOKMARK [2][-]{subsection.4.4}{\376\377\155\113\213\325\131\127\116\366\116\016\131\032\176\277\172\013\142\147\210\114}{section.4}% 17
\BOOKMARK [2][-]{subsection.4.5}{\376\377\145\345\137\327\173\241\164\006}{section.4}% 18
\BOOKMARK [2][-]{subsection.4.6}{\376\377\000U\000I\000\040\133\236\163\260}{section.4}% 19
\BOOKMARK [3][-]{subsubsection.4.6.1}{\376\377\152\041\127\213\173\241\164\006\174\173\000\040\000\050\000Z\000T\000e\000s\000t\000M\000o\000d\000e\000l\000\051}{subsection.4.6}% 20
\BOOKMARK [3][-]{subsubsection.4.6.2}{\376\377\211\306\126\376\156\062\147\323\174\173\000\040\000\050\000Z\000T\000e\000s\000t\000V\000i\000e\000w\000\051}{subsection.4.6}% 21
\BOOKMARK [3][-]{subsubsection.4.6.3}{\376\377\143\247\122\066\126\150\174\173\000\040\000\050\000Z\000T\000e\000s\000t\000C\000o\000n\000t\000r\000o\000l\000l\000e\000r\000\051}{subsection.4.6}% 22
\BOOKMARK [1][-]{section.5}{\376\377\174\373\176\337\121\163\225\056\226\276\160\271}{}% 23
\BOOKMARK [2][-]{subsection.5.1}{\376\377\137\205\155\113\121\375\145\160\166\204\201\352\122\250\174\173\127\213\143\250\133\374}{section.5}% 24
\BOOKMARK [2][-]{subsection.5.2}{\376\377\137\205\155\113\213\325\145\207\116\366\124\214\155\113\213\325\145\207\116\366\166\204\122\006\171\273\124\214\122\250\140\001\122\240\217\175}{section.5}% 25
\BOOKMARK [2][-]{subsection.5.3}{\376\377\131\032\171\315\147\204\136\372\145\271\137\017\166\204\133\236\163\260}{section.5}% 26
\BOOKMARK [2][-]{subsection.5.4}{\376\377\133\211\121\150\166\204\131\032\176\277\172\013\213\304\155\113\166\204\133\236\163\260}{section.5}% 27
\BOOKMARK [2][-]{subsection.5.5}{\376\377\155\113\213\325\176\323\147\234\145\160\143\156\133\130\120\250}{section.5}% 28
\BOOKMARK [2][-]{subsection.5.6}{\376\377\143\007\224\210\166\204\173\241\164\006}{section.5}% 29
