\BOOKMARK [1][-]{section.1}{\376\377\174\373\176\337\227\000\154\102\122\006\147\220}{}% 1
\BOOKMARK [2][-]{subsection.1.1}{\376\377\174\373\176\337\200\314\146\157\116\016\122\250\147\072}{section.1}% 2
\BOOKMARK [2][-]{subsection.1.2}{\376\377\174\373\176\337\166\356\150\007}{section.1}% 3
\BOOKMARK [3][-]{subsubsection.1.2.1}{\376\377\155\113\213\325\173\241\164\006}{subsection.1.2}% 4
\BOOKMARK [3][-]{subsubsection.1.2.2}{\376\377\145\255\212\000\147\072\122\066}{subsection.1.2}% 5
\BOOKMARK [3][-]{subsubsection.1.2.3}{\376\377\145\160\143\156\232\161\122\250\155\113\213\325}{subsection.1.2}% 6
\BOOKMARK [3][-]{subsubsection.1.2.4}{\376\377\155\113\213\325\142\147\210\114\126\150}{subsection.1.2}% 7
\BOOKMARK [3][-]{subsubsection.1.2.5}{\376\377\142\245\124\112\165\037\142\020}{subsection.1.2}% 8
\BOOKMARK [3][-]{subsubsection.1.2.6}{\376\377\000C\000L\000I\143\245\123\343}{subsection.1.2}% 9
\BOOKMARK [3][-]{subsubsection.1.2.7}{\376\377\000G\000U\000I\134\125\171\072}{subsection.1.2}% 10
\BOOKMARK [1][-]{section.2}{\376\377\172\013\136\217\122\006\147\220}{}% 11
\BOOKMARK [2][-]{subsection.2.1}{\376\377\000\040\174\373\176\337\121\163\225\056\225\356\230\230}{section.2}% 12
\BOOKMARK [3][-]{subsubsection.2.1.1}{\376\377\143\320\123\107\155\113\213\325\217\320\210\114\145\110\163\207}{subsection.2.1}% 13
\BOOKMARK [3][-]{subsubsection.2.1.2}{\376\377\213\355\154\325\174\326\166\204\133\236\163\260}{subsection.2.1}% 14
\BOOKMARK [3][-]{subsubsection.2.1.3}{\376\377\137\205\155\113\121\375\145\160\166\204\201\352\122\250\174\173\127\213\143\250\133\374}{subsection.2.1}% 15
\BOOKMARK [2][-]{subsection.2.2}{\376\377\000\040\200\114\215\043\122\006\221\115}{section.2}% 16
\BOOKMARK [1][-]{section.3}{\376\377\142\200\147\057\215\357\176\277}{}% 17
\BOOKMARK [2][-]{subsection.3.1}{\376\377\217\320\210\114\163\257\130\203}{section.3}% 18
\BOOKMARK [2][-]{subsection.3.2}{\376\377\140\073\117\123\213\276\213\241}{section.3}% 19
\BOOKMARK [3][-]{subsubsection.3.2.1}{\376\377\000Z\000t\000e\000s\000t\000\040\000C\000o\000r\000e\147\266\147\204\126\376}{subsection.3.2}% 20
\BOOKMARK [3][-]{subsubsection.3.2.2}{\376\377\000G\000U\000I\150\106\147\266}{subsection.3.2}% 21
\BOOKMARK [2][-]{subsection.3.3}{\376\377\213\346\176\306\213\276\213\241}{section.3}% 22
\BOOKMARK [3][-]{subsubsection.3.3.1}{\376\377\155\113\213\325\133\232\116\111\166\370\121\163\174\173}{subsection.3.3}% 23
\BOOKMARK [3][-]{subsubsection.3.3.2}{\376\377\155\113\213\325\154\350\121\214\166\370\121\163\174\173}{subsection.3.3}% 24
\BOOKMARK [3][-]{subsubsection.3.3.3}{\376\377\155\113\213\325\142\147\210\114\166\370\121\163\174\173}{subsection.3.3}% 25
\BOOKMARK [3][-]{subsubsection.3.3.4}{\376\377\176\323\147\234\173\241\164\006\166\370\121\163\174\173}{subsection.3.3}% 26
\BOOKMARK [3][-]{subsubsection.3.3.5}{\376\377\142\245\124\112\165\037\142\020\166\370\121\163\174\173}{subsection.3.3}% 27
\BOOKMARK [3][-]{subsubsection.3.3.6}{\376\377\135\345\121\167\152\041\127\127\166\370\121\163\174\173}{subsection.3.3}% 28
\BOOKMARK [3][-]{subsubsection.3.3.7}{\376\377\000G\000U\000I\152\041\127\127\166\370\121\163\174\173}{subsection.3.3}% 29
\BOOKMARK [1][-]{section.4}{\376\377\177\026\172\013\217\333\136\246}{}% 30
\BOOKMARK [1][-]{section.5}{\376\377\155\113\213\325\142\245\124\112}{}% 31
\BOOKMARK [2][-]{subsection.5.1}{\376\377\122\237\200\375\155\113\213\325}{section.5}% 32
\BOOKMARK [2][-]{subsection.5.2}{\376\377\174\373\176\337\155\113\213\325}{section.5}% 33
\BOOKMARK [1][-]{section.6}{\376\377\116\052\116\272\140\073\176\323}{}% 34
\BOOKMARK [1][-]{section.7}{\376\377\123\302\200\003\145\207\163\056}{}% 35
